<?xml version="1.0" encoding="UTF-8"?>
<testng-results skipped="0" failed="0" total="1" passed="1">
  <reporter-output>
  </reporter-output>
  <suite name="Default suite" duration-ms="11589" started-at="2017-12-21T06:03:28Z" finished-at="2017-12-21T06:03:40Z">
    <groups>
    </groups>
    <test name="Default test" duration-ms="11589" started-at="2017-12-21T06:03:28Z" finished-at="2017-12-21T06:03:40Z">
      <class name="com.ibm.test.TablesRND">
        <test-method status="PASS" signature="testColum()[pri:0, instance:com.ibm.test.TablesRND@6093dd95]" name="testColum" duration-ms="11574" started-at="2017-12-21T11:33:28Z" finished-at="2017-12-21T11:33:40Z">
          <reporter-output>
          </reporter-output>
        </test-method> <!-- testColum -->
      </class> <!-- com.ibm.test.TablesRND -->
    </test> <!-- Default test -->
  </suite> <!-- Default suite -->
</testng-results>
